  A B C D E F G H I J
  - - - - - - - - - -
1 |     B   B B B B
2 | S   B
3 | S   B         P P
4 | S   B
5 |           P P   P P
6 | D
7 | D       A A A A A A
8 | D
9 |     P P     S S S
10 |
Hit B
  A B C D E F G H I J
  - - - - - - - - - -
1 |     Xb   B B B B
2 | S   B
3 | S   B         P P
4 | S   B
5 |           P P   P P
6 | D
7 | D       A A A A A A
8 | D
9 |     P P     S S S
10 |
Hit S
  A B C D E F G H I J
  - - - - - - - - - -
1 |     Xb   B B B B
2 | Xs   B
3 | S   B         P P
4 | S   B
5 |           P P   P P
6 | D
7 | D       A A A A A A
8 | D
9 |     P P     S S S
10 |
Hit A
  A B C D E F G H I J
  - - - - - - - - - -
1 |     Xb   B B B B
2 | Xs   B
3 | S   B         P P
4 | S   B
5 |           P P   P P
6 | D
7 | D       Xa A A A A A
8 | D
9 |     P P     S S S
10 |
Score 13
